1682910966912:help
1682911039817:help display-expense-report
1682972653158:exit
1682972722595:help
1682972727096:log-mileage
1682972732625:log-transaction
1682972748777:exit
1682993759331:help
1682993862685:exit
1682998339455:help
1682998341014:create
1682998351067:create Efficient Software LLC
1682998361477:create "Efficient Software LLC"
1682998380616:help
1682999199377:exit
1682999212867:help
1682999221676:create "Efficient Software LLC"
1682999224801:help
1682999227132:view
1682999232148:view all
1683033326212:exit
1683033348552:help
1683033351905:create
1683033362269:create "Efficient Software LLC"
1683034120103:view
1683034229783:exit
1683034246674:help
1683034253571:owner-name Skip
1683034265418:create "Efficient Software LLC"
1683034271442:owner-name Skip
1683034273823:view
1683034453281:whoami
1683034454672:help
1683034458596:exit
1683034472112:help
1683034477756:create "Efficient Software LLC"
1683034483283:owner-name Skip
1683034485028:view owner
1683034488158:view contracts
1683035917755:exit
1683035934026:help
1683035939394:create "Efficient Software LLC"
1683035945472:owner-name Skip
1683035947739:view owner
1683035949144:view
1683049488532:help
1683049502574:create "Efficient Software LLC"
1683049508589:owner-name Skip Sorenson
1683049511590:view
1683049514603:save
1683049523632:load
1683049525640:exit
1683049536299:view
1683049545320:load
1683049548331:view
1683049587454:save efficient-software.txt
1683049601480:owner-name DifferentOWner
1683049610513:save efficient-software.txt
1683049614526:view owner
1683049617538:load
1683049620548:view owner
